     1                                  bits 32 
     2                                  global start        
     3                                  
     4                                  extern exit, fscanf, fopen, fclose, printf, fprintf             
     5                                  import exit msvcrt.dll    
     6                                  import fscanf msvcrt.dll    
     7                                  import fopen msvcrt.dll    
     8                                  import fclose msvcrt.dll    
     9                                  import printf msvcrt.dll    
    10                                  import fprintf msvcrt.dll    
    11                                  
    12                                  segment data use32 class=data
    13 00000000 313233343536373839-         sir db "1234567890",0
    13 00000009 3000               
    14 0000000B 696E7075742E747874-         nume_fisier db "input.txt",0
    14 00000014 00                 
    15 00000015 00                          n db 0
    16 00000016 257300                      format_s db "%s", 0
    17 00000019 256400                      format_d db "%d", 0
    18 0000001C 7200                        mod_acces db "r",0
    19 0000001E 7700                        mod_acces_fisier db "w", 0
    20 00000020 FFFFFFFF                    descriptor_fisier dd -1
    21 00000024 6F75747075742D302E-         nume_fisier_creat db  "output-0.txt", 0
    21 0000002D 74787400           
    22 00000031 00<rept>                    sir_scris times 15 db 0
    23 00000040 FFFFFFFF                    descriptor_afisare dd -1
    24 00000044 257300                      format db "%s", 0
    25 00000047 00000000                    sir_gol dd "", 0
    26                                  segment code use32 class=code
    27                                      start:
    28                                          
    29 00000000 68[1C000000]                    push dword mod_acces
    30 00000005 68[0B000000]                    push dword nume_fisier
    31 0000000A FF15[00000000]                  call [fopen]
    32 00000010 83C408                          add esp, 4 * 2
    33                                          
    34 00000013 A3[20000000]                    mov [descriptor_fisier], eax
    35 00000018 83F800                          cmp eax, 0
    36 0000001B 0F84A8000000                    je final
    37                                          
    38                                          ;Citire numar din fisier
    39 00000021 68[15000000]                    push dword n
    40 00000026 68[19000000]                    push dword format_d
    41 0000002B FF35[20000000]                  push dword [descriptor_fisier]
    42 00000031 FF15[00000000]                  call [fscanf]
    43 00000037 83C408                          add esp, 4 * 2
    44                                          ;//
    45                                          
    46 0000003A B900000000                      mov ecx, 0
    47 0000003F 8B0D[15000000]                  mov ecx, [n]
    48                                          
    49 00000045 BB00000000                      mov ebx, 0
    50 0000004A B307                            mov bl, 7
    51                                          
    52                                      repeta:
    53 0000004C BE[00000000]                    mov esi, sir
    54 00000051 BF[31000000]                    mov edi, sir_scris
    55 00000056 51                              push ecx
    56                                          mut:
    57 00000057 A4                                  movsb
    58 00000058 49                                  dec ecx
    59 00000059 83F9FF                              cmp ecx, -1
    60 0000005C 75F9                            jne mut
    61 0000005E 59                              pop ecx
    62                                          
    63                                          ;Creez n fisiere
    64 0000005F BE[24000000]                    mov esi, nume_fisier_creat
    65 00000064 83C130                          add ecx, 48
    66 00000067 880C1E                          mov [esi + ebx], cl
    67 0000006A 83E930                          sub ecx, 48
    68                                          
    69 0000006D 51                              push ecx
    70                                          
    71 0000006E 68[1E000000]                    push dword mod_acces_fisier
    72 00000073 68[24000000]                    push dword nume_fisier_creat
    73 00000078 FF15[00000000]                  call [fopen]
    74 0000007E 83C408                          add esp, 4 * 2
    75                                          ;Descriptor in EAX
    76 00000081 A3[40000000]                    mov [descriptor_afisare], eax
    77                                          
    78                                          
    79 00000086 68[31000000]                    push dword sir_scris
    80 0000008B 68[44000000]                    push dword format
    81 00000090 FF35[40000000]                  push dword [descriptor_afisare]
    82 00000096 FF15[00000000]                  call [fprintf]
    83 0000009C 83C40C                          add esp, 4 * 3
    84                                          
    85 0000009F BA0A000000                      mov edx, 10
    86 000000A4 BF[31000000]                    mov edi, sir_scris
    87                                          golire:
    88 000000A9 C6041700                            mov byte[edi + edx], 0
    89 000000AD 4A                                  dec edx
    90 000000AE 83FAFF                              cmp edx, -1
    91 000000B1 75F6                            jne golire
    92                                  
    93                                          
    94 000000B3 59                              pop ecx
    95 000000B4 49                              dec ecx
    96 000000B5 83F9FF                          cmp ecx, -1
    97 000000B8 7592                            jne repeta
    98                                          
    99                                          
   100                                          ;Inchidere fisier
   101 000000BA FF35[20000000]                  push dword [descriptor_fisier]
   102 000000C0 FF15[00000000]                  call [fclose]
   103 000000C6 83C404                          add esp, 4
   104                                          
   105                                      final:
   106 000000C9 6A00                            push    dword 0      
   107 000000CB FF15[00000000]                  call    [exit]      
