     1                                  ;Se citeste de la tastatura un nume de fisier, un caracter special s (orice caracter in afara de litere si cifre)
     2                                  ;si un numar n reprezentat pe octet.
     3                                  ;Fisierul contine cuvinte separate prin spatiu. Sa se scrie in fisierul output.txt ultimele n caractere din fiecare cuvant.
     4                                  ;(Daca numarul de caractere al cuvantului este mai mic decat n, cuvantul se va prefixa cu caracterul special s).
     5                                  
     6                                  bits 32 
     7                                  global start        
     8                                  
     9                                  extern exit, printf, scanf,fscanf, fclose, fopen, fprintf
    10                                  import exit msvcrt.dll
    11                                  import printf msvcrt.dll
    12                                  import scanf msvcrt.dll
    13                                  import fscanf msvcrt.dll
    14                                  import fclose msvcrt.dll
    15                                  import fopen msvcrt.dll
    16                                  import fprintf msvcrt.dll
    17                                  
    18                                  segment data use32 class=data
    19 00000000 FFFFFFFF                    descriptor dd -1
    20 00000004 FFFFFFFF                    descriptor_out dd -1
    21                                      
    22 00000008 257300                      format_s db "%s",0
    23 0000000B 256400                      format_d db "%d",0
    24 0000000E 257320256400                format_c_s db "%s %d", 0
    25 00000014 25732000                    format_s_afisare db "%s", 32 ,0
    26 00000018 496E74726F64756365-         format_afisare db "Introduceti numele fisierului: ",0
    26 00000021 7469206E756D656C65-
    26 0000002A 20666973696572756C-
    26 00000033 75693A2000         
    27 00000038 496E74726F64756365-         format_afisare_c db "Introduceti caracterul special si n: ", 0
    27 00000041 746920636172616374-
    27 0000004A 6572756C2073706563-
    27 00000053 69616C207369206E3A-
    27 0000005C 2000               
    28 0000005E 6F75747075742E7478-         nume_fisier_out db "output.txt", 0
    28 00000067 7400               
    29 00000069 00000000                    n dd 0
    30 0000006D 00                          c db 0
    31 0000006E 7200                        mod_acces db "r",0
    32 00000070 7700                        mod_scriere db "w", 0
    33 00000072 00<rept>                    nume_fisier times 20 db 0
    34 00000086 00<rept>                    cuvant times 20 db 0
    35                                      
    36                                  segment code use32 class=code
    37                                      start:
    38 00000000 68[18000000]                    push dword format_afisare
    39 00000005 FF15[00000000]                  call [printf]
    40 0000000B 83C404                          add esp, 4
    41                                          
    42 0000000E 68[72000000]                    push dword nume_fisier
    43 00000013 68[08000000]                    push dword format_s
    44 00000018 FF15[00000000]                  call [scanf]
    45 0000001E 83C408                          add esp, 4 * 2
    46                                  
    47                                          ; Deschidere fisier
    48 00000021 68[6E000000]                    push dword mod_acces
    49 00000026 68[72000000]                    push dword nume_fisier
    50 0000002B FF15[00000000]                  call [fopen]
    51 00000031 83C408                          add esp, 4 * 2
    52                                          
    53 00000034 A3[00000000]                    mov [descriptor], eax
    54                                          
    55 00000039 83F800                          cmp eax, 0
    56 0000003C 7477                            je final
    57                                          
    58 0000003E 68[70000000]                    push dword mod_scriere
    59 00000043 68[5E000000]                    push dword nume_fisier_out
    60 00000048 FF15[00000000]                  call [fopen]
    61 0000004E 83C408                          add esp, 4 * 2
    62                                          
    63 00000051 A3[04000000]                    mov [descriptor_out], eax
    64                                          
    65 00000056 68[86000000]                    push dword cuvant
    66 0000005B 68[08000000]                    push dword format_s
    67 00000060 FF35[00000000]                  push dword [descriptor]
    68 00000066 FF15[00000000]                  call [fscanf]
    69 0000006C 83C40C                          add esp, 4 * 3
    70                                          
    71                                          
    72                                          repeta:
    73 0000006F 68[86000000]                    push dword cuvant
    74 00000074 68[14000000]                    push dword format_s_afisare
    75 00000079 FF35[04000000]                  push dword [descriptor_out]
    76 0000007F FF15[00000000]                  call [fprintf]
    77 00000085 83C408                          add esp, 4 * 2
    78                                           
    79 00000088 68[86000000]                    push dword cuvant
    80 0000008D 68[08000000]                    push dword format_s
    81 00000092 FF35[00000000]                  push dword [descriptor]
    82 00000098 FF15[00000000]                  call [fscanf]
    83 0000009E 83C40C                          add esp, 4 * 3
    84                                          
    85                                                  
    86 000000A1 83F801                          cmp eax, 1
    87                                          
    88 000000A4 74C9                            je repeta
    89                                          
    90 000000A6 FF35[00000000]                  push dword [descriptor]
    91 000000AC FF15[00000000]                  call [fclose]
    92 000000B2 83C404                          add esp, 4
    93                                          
    94                                          final:
    95                                      
    96 000000B5 6A00                            push    dword 0      
    97 000000B7 FF15[00000000]                  call    [exit]      
