     1                                  ;;Sa se citeasca de la tastatura un nume de fisier si un numar. 
     2                                  ;Sa se citeasca din fisierul dat cuvintele separate prin spatii si sa se afiseze in consola numai cuvintele
     3                                  ;a caror numar de vocale este egal cu numarul citit de la tastatura.
     4                                  bits 32 
     5                                  global start        
     6                                  
     7                                  extern exit, printf, scanf,fscanf, fclose, fopen
     8                                  import exit msvcrt.dll
     9                                  import printf msvcrt.dll
    10                                  import scanf msvcrt.dll
    11                                  import fscanf msvcrt.dll
    12                                  import fclose msvcrt.dll
    13                                  import fopen msvcrt.dll
    14                                  
    15                                  segment data use32 class=data
    16 00000000 FFFFFFFF                    descriptor dd -1
    17 00000004 257300                      format_s db "%s",0
    18 00000007 25732000                    format_s_afisare db "%s", 32 ,0
    19 0000000B 496E74726F64756365-         format_afisare db "Introduceti numele fisierului: ",0
    19 00000014 7469206E756D656C65-
    19 0000001D 20666973696572756C-
    19 00000026 75693A2000         
    20 0000002B 7200                        mod_acces db "r",0
    21 0000002D 00<rept>                    nume_fisier times 20 db 0
    22 00000041 00<rept>                    cuvant times 20 db 0
    23                                      
    24                                  segment code use32 class=code
    25                                      start:
    26 00000000 68[0B000000]                    push dword format_afisare
    27 00000005 FF15[00000000]                  call [printf]
    28 0000000B 83C404                          add esp, 4
    29                                          
    30 0000000E 68[2D000000]                    push dword nume_fisier
    31 00000013 68[04000000]                    push dword format_s
    32 00000018 FF15[00000000]                  call [scanf]
    33 0000001E 83C408                          add esp, 4 * 2
    34                                          
    35 00000021 68[2B000000]                    push dword mod_acces
    36 00000026 68[2D000000]                    push dword nume_fisier
    37 0000002B FF15[00000000]                  call [fopen]
    38 00000031 83C408                          add esp, 4 * 2
    39                                          
    40 00000034 A3[00000000]                    mov [descriptor], eax
    41                                          
    42 00000039 83F800                          cmp eax, 0
    43 0000003C 7459                            je final
    44                                          
    45 0000003E 68[41000000]                    push dword cuvant
    46 00000043 68[04000000]                    push dword format_s
    47 00000048 FF35[00000000]                  push dword [descriptor]
    48 0000004E FF15[00000000]                  call [fscanf]
    49 00000054 83C40C                          add esp, 4 * 3
    50                                          
    51                                          
    52                                          repeta:
    53                                          
    54 00000057 68[41000000]                    push dword cuvant
    55 0000005C 68[07000000]                    push dword format_s_afisare
    56 00000061 FF15[00000000]                  call [printf]
    57 00000067 83C408                          add esp, 4 * 2
    58                                           
    59 0000006A 68[41000000]                    push dword cuvant
    60 0000006F 68[04000000]                    push dword format_s
    61 00000074 FF35[00000000]                  push dword [descriptor]
    62 0000007A FF15[00000000]                  call [fscanf]
    63 00000080 83C40C                          add esp, 4 * 3
    64                                           
    65                                                  
    66 00000083 83F801                          cmp eax, 1
    67                                          
    68 00000086 74CF                            je repeta
    69                                          
    70 00000088 FF35[00000000]                  push dword [descriptor]
    71 0000008E FF15[00000000]                  call [fclose]
    72 00000094 83C404                          add esp, 4
    73                                          
    74                                          final:
    75                                      
    76 00000097 6A00                            push    dword 0      
    77 00000099 FF15[00000000]                  call    [exit]      
