     1                                  bits 32
     2                                  
     3                                  global nr_cif
     4                                  global start      
     5                                  
     6                                  extern exit
     7                                  extern printf               
     8                                  import exit msvcrt.dll    
     9                                  import printf msvcrt.dll
    10                                  
    11                                  segment data use32 public data
    12 00000000 FE000000                    numar dd 254
    13 00000004 256400                      format db "%d", 0
    14                                   
    15                                  segment code use32 public code
    16                                      nr_cif:
    17                                          ;Calculeaza numarul de cifre a unui numar introdus ca parametru
    18 00000000 8B442404                        mov eax, [esp + 4] ; numarul 
    19                                          ;esp - adresa de revenire a functiei
    20 00000004 B30A                            mov bl, 10
    21 00000006 B900000000                      mov ecx, 0
    22                                          
    23                                      repeta4:
    24 0000000B 50                              push eax
    25 0000000C 6658                            pop ax
    26 0000000E 665A                            pop dx
    27                                          
    28 00000010 F6F3                            div bl ; ah = eax % 10 / al = eax / 10 
    29                                          
    30 00000012 BA00000000                      mov edx, 0
    31 00000017 88C2                            mov dl, al
    32                                          
    33 00000019 B800000000                      mov eax, 0
    34 0000001E 89D0                            mov eax, edx
    35 00000020 41                              inc ecx      ; contor de numere
    36 00000021 80FA00                          cmp dl, 0
    37 00000024 7402                            je atat
    38 00000026 EBE3                         jmp repeta4
    39                                          
    40                                          atat:
    41 00000028 C3                           ret
    42                                       
    43                                        start:
    44                                           
    45 00000029 B800000000                       mov eax, 0
    46 0000002E FF35[00000000]                   push dword [numar]
    47 00000034 E8C7FFFFFF                       call nr_cif
    48 00000039 83C404                           add esp, 4 * 1
    49                                              
    50 0000003C 51                               push dword ecx
    51 0000003D 68[04000000]                     push dword format
    52 00000042 FF15[00000000]                   call [printf]
    53 00000048 83C408                           add esp ,4 * 2
    54                                          
    55                                      
    56                                           ; exit(0)
    57 0000004B 6A00                             push    dword 0      ; push the parameter for exit onto the stack
    58 0000004D FF15[00000000]                   call    [exit]       ; call exit to terminate the program
    59                                  
    60                                          
