     1                                  bits 32 ; assembling for the 32 bits architecture
     2                                  
     3                                  ; declare the EntryPoint (a label defining the very first instruction of the program)
     4                                  global start        
     5                                  
     6                                  ; declare external functions needed by our program
     7                                  extern exit               ; tell nasm that exit exists even if we won't be defining it
     8                                  import exit msvcrt.dll    ; exit is a function that ends the calling process. It is defined in msvcrt.dll
     9                                                            ; msvcrt.dll contains exit, printf and all the other important C-runtime specific functions
    10                                  
    11                                  ; our data is declared here (the variables needed by our program)
    12                                  segment data use32 class=data
    13 00000000 010000000200000003-         a dd 1, 2, 3, 4
    13 00000009 00000004000000     
    14                                  
    15                                  ; our code starts here
    16                                  segment code use32 class=code
    17                                      start:
    18 00000000 BB[00000000]                    mov ebx, a
    19 00000005 BE01000000                      mov ESI, 1
    20 0000000A B800000000                      mov eax, 0
    21 0000000F 8B0473                          mov eax, [ebx + ESI * 2]
    22                                      
    23                                          ; exit(0)
    24 00000012 6A00                            push    dword 0      ; push the parameter for exit onto the stack
    25 00000014 FF15[00000000]                  call    [exit]       ; call exit to terminate the program
